2023-01-28 20:33:23.4444 Info Message Template Auto Format enabled
2023-01-28 20:33:24.2247 Info Loading assembly: NLog.Web.AspNetCore
2023-01-28 20:33:24.2247 Info Loading assembly: NLog.Targets.Loggly
2023-01-28 20:33:24.3083 Warn Error has been raised. Exception: NLog.NLogConfigurationException: Error loading extensions: NLog.Targets.Loggly
 ---> System.IO.FileNotFoundException: Could not load file or assembly 'NLog.Targets.Loggly, Culture=neutral, PublicKeyToken=null'. Не удается найти указанный файл.
File name: 'NLog.Targets.Loggly, Culture=neutral, PublicKeyToken=null'
   at System.Reflection.RuntimeAssembly.InternalLoad(ObjectHandleOnStack assemblyName, ObjectHandleOnStack requestingAssembly, StackCrawlMarkHandle stackMark, Boolean throwOnFileNotFound, ObjectHandleOnStack assemblyLoadContext, ObjectHandleOnStack retAssembly)
   at System.Reflection.RuntimeAssembly.InternalLoad(AssemblyName assemblyName, RuntimeAssembly requestingAssembly, StackCrawlMark& stackMark, Boolean throwOnFileNotFound, AssemblyLoadContext assemblyLoadContext)
   at System.Reflection.Assembly.Load(String assemblyString)
   at NLog.Internal.AssemblyHelpers.LoadFromName(String assemblyName)
   at NLog.Config.LoggingConfigurationParser.ParseExtensionWithAssembly(String assemblyName, String prefix)
   --- End of inner exception stack trace ---
2023-01-28 20:33:25.6577 Error Exception when loading configuration D:\YandexUploadService\YandexUploadService\bin\Debug\net5.0\NLog.config Exception: NLog.NLogConfigurationException: Error loading extensions: NLog.Targets.Loggly
 ---> System.IO.FileNotFoundException: Could not load file or assembly 'NLog.Targets.Loggly, Culture=neutral, PublicKeyToken=null'. Не удается найти указанный файл.
File name: 'NLog.Targets.Loggly, Culture=neutral, PublicKeyToken=null'
   at System.Reflection.RuntimeAssembly.InternalLoad(ObjectHandleOnStack assemblyName, ObjectHandleOnStack requestingAssembly, StackCrawlMarkHandle stackMark, Boolean throwOnFileNotFound, ObjectHandleOnStack assemblyLoadContext, ObjectHandleOnStack retAssembly)
   at System.Reflection.RuntimeAssembly.InternalLoad(AssemblyName assemblyName, RuntimeAssembly requestingAssembly, StackCrawlMark& stackMark, Boolean throwOnFileNotFound, AssemblyLoadContext assemblyLoadContext)
   at System.Reflection.Assembly.Load(String assemblyString)
   at NLog.Internal.AssemblyHelpers.LoadFromName(String assemblyName)
   at NLog.Config.LoggingConfigurationParser.ParseExtensionWithAssembly(String assemblyName, String prefix)
   --- End of inner exception stack trace ---
   at NLog.Config.LoggingConfigurationParser.ParseExtensionWithAssembly(String assemblyName, String prefix)
   at NLog.Config.LoggingConfigurationParser.ParseExtensionsElement(ValidatedConfigurationElement extensionsElement, String baseDirectory)
   at NLog.Config.LoggingConfigurationParser.LoadConfig(ILoggingConfigurationElement nlogConfig, String basePath)
   at NLog.Config.XmlLoggingConfiguration.ParseNLogElement(ILoggingConfigurationElement nlogElement, String filePath, Boolean autoReloadDefault)
   at NLog.Config.XmlLoggingConfiguration.ParseTopLevel(NLogXmlElement content, String filePath, Boolean autoReloadDefault)
   at NLog.Config.XmlLoggingConfiguration.Initialize(XmlReader reader, String fileName, Boolean ignoreErrors)
2023-01-28 20:33:25.6577 Warn Error has been raised. Exception: NLog.NLogConfigurationException: Exception when loading configuration D:\YandexUploadService\YandexUploadService\bin\Debug\net5.0\NLog.config
 ---> NLog.NLogConfigurationException: Error loading extensions: NLog.Targets.Loggly
 ---> System.IO.FileNotFoundException: Could not load file or assembly 'NLog.Targets.Loggly, Culture=neutral, PublicKeyToken=null'. Не удается найти указанный файл.
File name: 'NLog.Targets.Loggly, Culture=neutral, PublicKeyToken=null'
   at System.Reflection.RuntimeAssembly.InternalLoad(ObjectHandleOnStack assemblyName, ObjectHandleOnStack requestingAssembly, StackCrawlMarkHandle stackMark, Boolean throwOnFileNotFound, ObjectHandleOnStack assemblyLoadContext, ObjectHandleOnStack retAssembly)
   at System.Reflection.RuntimeAssembly.InternalLoad(AssemblyName assemblyName, RuntimeAssembly requestingAssembly, StackCrawlMark& stackMark, Boolean throwOnFileNotFound, AssemblyLoadContext assemblyLoadContext)
   at System.Reflection.Assembly.Load(String assemblyString)
   at NLog.Internal.AssemblyHelpers.LoadFromName(String assemblyName)
   at NLog.Config.LoggingConfigurationParser.ParseExtensionWithAssembly(String assemblyName, String prefix)
   --- End of inner exception stack trace ---
   at NLog.Config.LoggingConfigurationParser.ParseExtensionWithAssembly(String assemblyName, String prefix)
   at NLog.Config.LoggingConfigurationParser.ParseExtensionsElement(ValidatedConfigurationElement extensionsElement, String baseDirectory)
   at NLog.Config.LoggingConfigurationParser.LoadConfig(ILoggingConfigurationElement nlogConfig, String basePath)
   at NLog.Config.XmlLoggingConfiguration.ParseNLogElement(ILoggingConfigurationElement nlogElement, String filePath, Boolean autoReloadDefault)
   at NLog.Config.XmlLoggingConfiguration.ParseTopLevel(NLogXmlElement content, String filePath, Boolean autoReloadDefault)
   at NLog.Config.XmlLoggingConfiguration.Initialize(XmlReader reader, String fileName, Boolean ignoreErrors)
   --- End of inner exception stack trace ---
   at NLog.Config.XmlLoggingConfiguration.Initialize(XmlReader reader, String fileName, Boolean ignoreErrors)
   at NLog.Config.XmlLoggingConfiguration..ctor(XmlReader reader, String fileName, LogFactory logFactory)
   at NLog.Config.LoggingConfigurationFileLoader.LoadXmlLoggingConfiguration(XmlReader xmlReader, String configFile, LogFactory logFactory)
2023-01-28 20:33:25.6577 Error Failed loading from config file location: D:\YandexUploadService\YandexUploadService\bin\Debug\net5.0\NLog.config Exception: NLog.NLogConfigurationException: Exception when loading configuration D:\YandexUploadService\YandexUploadService\bin\Debug\net5.0\NLog.config
 ---> NLog.NLogConfigurationException: Error loading extensions: NLog.Targets.Loggly
 ---> System.IO.FileNotFoundException: Could not load file or assembly 'NLog.Targets.Loggly, Culture=neutral, PublicKeyToken=null'. Не удается найти указанный файл.
File name: 'NLog.Targets.Loggly, Culture=neutral, PublicKeyToken=null'
   at System.Reflection.RuntimeAssembly.InternalLoad(ObjectHandleOnStack assemblyName, ObjectHandleOnStack requestingAssembly, StackCrawlMarkHandle stackMark, Boolean throwOnFileNotFound, ObjectHandleOnStack assemblyLoadContext, ObjectHandleOnStack retAssembly)
   at System.Reflection.RuntimeAssembly.InternalLoad(AssemblyName assemblyName, RuntimeAssembly requestingAssembly, StackCrawlMark& stackMark, Boolean throwOnFileNotFound, AssemblyLoadContext assemblyLoadContext)
   at System.Reflection.Assembly.Load(String assemblyString)
   at NLog.Internal.AssemblyHelpers.LoadFromName(String assemblyName)
   at NLog.Config.LoggingConfigurationParser.ParseExtensionWithAssembly(String assemblyName, String prefix)
   --- End of inner exception stack trace ---
   at NLog.Config.LoggingConfigurationParser.ParseExtensionWithAssembly(String assemblyName, String prefix)
   at NLog.Config.LoggingConfigurationParser.ParseExtensionsElement(ValidatedConfigurationElement extensionsElement, String baseDirectory)
   at NLog.Config.LoggingConfigurationParser.LoadConfig(ILoggingConfigurationElement nlogConfig, String basePath)
   at NLog.Config.XmlLoggingConfiguration.ParseNLogElement(ILoggingConfigurationElement nlogElement, String filePath, Boolean autoReloadDefault)
   at NLog.Config.XmlLoggingConfiguration.ParseTopLevel(NLogXmlElement content, String filePath, Boolean autoReloadDefault)
   at NLog.Config.XmlLoggingConfiguration.Initialize(XmlReader reader, String fileName, Boolean ignoreErrors)
   --- End of inner exception stack trace ---
   at NLog.Config.XmlLoggingConfiguration.Initialize(XmlReader reader, String fileName, Boolean ignoreErrors)
   at NLog.Config.XmlLoggingConfiguration..ctor(XmlReader reader, String fileName, LogFactory logFactory)
   at NLog.Config.LoggingConfigurationFileLoader.LoadXmlLoggingConfiguration(XmlReader xmlReader, String configFile, LogFactory logFactory)
   at NLog.Config.LoggingConfigurationFileLoader.LoadXmlLoggingConfigurationFile(LogFactory logFactory, String configFile)
   at NLog.Config.LoggingConfigurationFileLoader.TryLoadLoggingConfiguration(LogFactory logFactory, String configFile, LoggingConfiguration& config)
2023-01-28 20:37:31.3759 Info Message Template Auto Format enabled
2023-01-28 20:37:31.4017 Info Loading assembly: NLog.Web.AspNetCore
2023-01-28 20:37:31.4017 Info Loading assembly: NLog.Targets.Loggly
2023-01-28 20:37:31.4071 Warn Error has been raised. Exception: NLog.NLogConfigurationException: Error loading extensions: NLog.Targets.Loggly
 ---> System.IO.FileNotFoundException: Could not load file or assembly 'NLog.Targets.Loggly, Culture=neutral, PublicKeyToken=null'. Не удается найти указанный файл.
File name: 'NLog.Targets.Loggly, Culture=neutral, PublicKeyToken=null'
   at System.Reflection.RuntimeAssembly.InternalLoad(ObjectHandleOnStack assemblyName, ObjectHandleOnStack requestingAssembly, StackCrawlMarkHandle stackMark, Boolean throwOnFileNotFound, ObjectHandleOnStack assemblyLoadContext, ObjectHandleOnStack retAssembly)
   at System.Reflection.RuntimeAssembly.InternalLoad(AssemblyName assemblyName, RuntimeAssembly requestingAssembly, StackCrawlMark& stackMark, Boolean throwOnFileNotFound, AssemblyLoadContext assemblyLoadContext)
   at System.Reflection.Assembly.Load(String assemblyString)
   at NLog.Internal.AssemblyHelpers.LoadFromName(String assemblyName)
   at NLog.Config.LoggingConfigurationParser.ParseExtensionWithAssembly(String assemblyName, String prefix)
   --- End of inner exception stack trace ---
2023-01-28 20:37:31.5666 Error Exception when loading configuration D:\YandexUploadService\YandexUploadService\bin\Debug\net5.0\NLog.config Exception: NLog.NLogConfigurationException: Error loading extensions: NLog.Targets.Loggly
 ---> System.IO.FileNotFoundException: Could not load file or assembly 'NLog.Targets.Loggly, Culture=neutral, PublicKeyToken=null'. Не удается найти указанный файл.
File name: 'NLog.Targets.Loggly, Culture=neutral, PublicKeyToken=null'
   at System.Reflection.RuntimeAssembly.InternalLoad(ObjectHandleOnStack assemblyName, ObjectHandleOnStack requestingAssembly, StackCrawlMarkHandle stackMark, Boolean throwOnFileNotFound, ObjectHandleOnStack assemblyLoadContext, ObjectHandleOnStack retAssembly)
   at System.Reflection.RuntimeAssembly.InternalLoad(AssemblyName assemblyName, RuntimeAssembly requestingAssembly, StackCrawlMark& stackMark, Boolean throwOnFileNotFound, AssemblyLoadContext assemblyLoadContext)
   at System.Reflection.Assembly.Load(String assemblyString)
   at NLog.Internal.AssemblyHelpers.LoadFromName(String assemblyName)
   at NLog.Config.LoggingConfigurationParser.ParseExtensionWithAssembly(String assemblyName, String prefix)
   --- End of inner exception stack trace ---
   at NLog.Config.LoggingConfigurationParser.ParseExtensionWithAssembly(String assemblyName, String prefix)
   at NLog.Config.LoggingConfigurationParser.ParseExtensionsElement(ValidatedConfigurationElement extensionsElement, String baseDirectory)
   at NLog.Config.LoggingConfigurationParser.LoadConfig(ILoggingConfigurationElement nlogConfig, String basePath)
   at NLog.Config.XmlLoggingConfiguration.ParseNLogElement(ILoggingConfigurationElement nlogElement, String filePath, Boolean autoReloadDefault)
   at NLog.Config.XmlLoggingConfiguration.ParseTopLevel(NLogXmlElement content, String filePath, Boolean autoReloadDefault)
   at NLog.Config.XmlLoggingConfiguration.Initialize(XmlReader reader, String fileName, Boolean ignoreErrors)
2023-01-28 20:37:31.5666 Warn Error has been raised. Exception: NLog.NLogConfigurationException: Exception when loading configuration D:\YandexUploadService\YandexUploadService\bin\Debug\net5.0\NLog.config
 ---> NLog.NLogConfigurationException: Error loading extensions: NLog.Targets.Loggly
 ---> System.IO.FileNotFoundException: Could not load file or assembly 'NLog.Targets.Loggly, Culture=neutral, PublicKeyToken=null'. Не удается найти указанный файл.
File name: 'NLog.Targets.Loggly, Culture=neutral, PublicKeyToken=null'
   at System.Reflection.RuntimeAssembly.InternalLoad(ObjectHandleOnStack assemblyName, ObjectHandleOnStack requestingAssembly, StackCrawlMarkHandle stackMark, Boolean throwOnFileNotFound, ObjectHandleOnStack assemblyLoadContext, ObjectHandleOnStack retAssembly)
   at System.Reflection.RuntimeAssembly.InternalLoad(AssemblyName assemblyName, RuntimeAssembly requestingAssembly, StackCrawlMark& stackMark, Boolean throwOnFileNotFound, AssemblyLoadContext assemblyLoadContext)
   at System.Reflection.Assembly.Load(String assemblyString)
   at NLog.Internal.AssemblyHelpers.LoadFromName(String assemblyName)
   at NLog.Config.LoggingConfigurationParser.ParseExtensionWithAssembly(String assemblyName, String prefix)
   --- End of inner exception stack trace ---
   at NLog.Config.LoggingConfigurationParser.ParseExtensionWithAssembly(String assemblyName, String prefix)
   at NLog.Config.LoggingConfigurationParser.ParseExtensionsElement(ValidatedConfigurationElement extensionsElement, String baseDirectory)
   at NLog.Config.LoggingConfigurationParser.LoadConfig(ILoggingConfigurationElement nlogConfig, String basePath)
   at NLog.Config.XmlLoggingConfiguration.ParseNLogElement(ILoggingConfigurationElement nlogElement, String filePath, Boolean autoReloadDefault)
   at NLog.Config.XmlLoggingConfiguration.ParseTopLevel(NLogXmlElement content, String filePath, Boolean autoReloadDefault)
   at NLog.Config.XmlLoggingConfiguration.Initialize(XmlReader reader, String fileName, Boolean ignoreErrors)
   --- End of inner exception stack trace ---
   at NLog.Config.XmlLoggingConfiguration.Initialize(XmlReader reader, String fileName, Boolean ignoreErrors)
   at NLog.Config.XmlLoggingConfiguration..ctor(XmlReader reader, String fileName, LogFactory logFactory)
   at NLog.Config.LoggingConfigurationFileLoader.LoadXmlLoggingConfiguration(XmlReader xmlReader, String configFile, LogFactory logFactory)
2023-01-28 20:37:31.5666 Error Failed loading from config file location: D:\YandexUploadService\YandexUploadService\bin\Debug\net5.0\NLog.config Exception: NLog.NLogConfigurationException: Exception when loading configuration D:\YandexUploadService\YandexUploadService\bin\Debug\net5.0\NLog.config
 ---> NLog.NLogConfigurationException: Error loading extensions: NLog.Targets.Loggly
 ---> System.IO.FileNotFoundException: Could not load file or assembly 'NLog.Targets.Loggly, Culture=neutral, PublicKeyToken=null'. Не удается найти указанный файл.
File name: 'NLog.Targets.Loggly, Culture=neutral, PublicKeyToken=null'
   at System.Reflection.RuntimeAssembly.InternalLoad(ObjectHandleOnStack assemblyName, ObjectHandleOnStack requestingAssembly, StackCrawlMarkHandle stackMark, Boolean throwOnFileNotFound, ObjectHandleOnStack assemblyLoadContext, ObjectHandleOnStack retAssembly)
   at System.Reflection.RuntimeAssembly.InternalLoad(AssemblyName assemblyName, RuntimeAssembly requestingAssembly, StackCrawlMark& stackMark, Boolean throwOnFileNotFound, AssemblyLoadContext assemblyLoadContext)
   at System.Reflection.Assembly.Load(String assemblyString)
   at NLog.Internal.AssemblyHelpers.LoadFromName(String assemblyName)
   at NLog.Config.LoggingConfigurationParser.ParseExtensionWithAssembly(String assemblyName, String prefix)
   --- End of inner exception stack trace ---
   at NLog.Config.LoggingConfigurationParser.ParseExtensionWithAssembly(String assemblyName, String prefix)
   at NLog.Config.LoggingConfigurationParser.ParseExtensionsElement(ValidatedConfigurationElement extensionsElement, String baseDirectory)
   at NLog.Config.LoggingConfigurationParser.LoadConfig(ILoggingConfigurationElement nlogConfig, String basePath)
   at NLog.Config.XmlLoggingConfiguration.ParseNLogElement(ILoggingConfigurationElement nlogElement, String filePath, Boolean autoReloadDefault)
   at NLog.Config.XmlLoggingConfiguration.ParseTopLevel(NLogXmlElement content, String filePath, Boolean autoReloadDefault)
   at NLog.Config.XmlLoggingConfiguration.Initialize(XmlReader reader, String fileName, Boolean ignoreErrors)
   --- End of inner exception stack trace ---
   at NLog.Config.XmlLoggingConfiguration.Initialize(XmlReader reader, String fileName, Boolean ignoreErrors)
   at NLog.Config.XmlLoggingConfiguration..ctor(XmlReader reader, String fileName, LogFactory logFactory)
   at NLog.Config.LoggingConfigurationFileLoader.LoadXmlLoggingConfiguration(XmlReader xmlReader, String configFile, LogFactory logFactory)
   at NLog.Config.LoggingConfigurationFileLoader.LoadXmlLoggingConfigurationFile(LogFactory logFactory, String configFile)
   at NLog.Config.LoggingConfigurationFileLoader.TryLoadLoggingConfiguration(LogFactory logFactory, String configFile, LoggingConfiguration& config)
2023-01-28 20:41:27.9442 Info Message Template Auto Format enabled
2023-01-28 20:41:27.9645 Info Loading assembly: NLog.Web.AspNetCore
2023-01-28 20:41:27.9645 Info Loading assembly: NLog.Targets.Loggly
2023-01-28 20:41:27.9761 Warn Error has been raised. Exception: NLog.NLogConfigurationException: Error loading extensions: NLog.Targets.Loggly
 ---> System.IO.FileNotFoundException: Could not load file or assembly 'NLog.Targets.Loggly, Culture=neutral, PublicKeyToken=null'. Не удается найти указанный файл.
File name: 'NLog.Targets.Loggly, Culture=neutral, PublicKeyToken=null'
   at System.Reflection.RuntimeAssembly.InternalLoad(ObjectHandleOnStack assemblyName, ObjectHandleOnStack requestingAssembly, StackCrawlMarkHandle stackMark, Boolean throwOnFileNotFound, ObjectHandleOnStack assemblyLoadContext, ObjectHandleOnStack retAssembly)
   at System.Reflection.RuntimeAssembly.InternalLoad(AssemblyName assemblyName, RuntimeAssembly requestingAssembly, StackCrawlMark& stackMark, Boolean throwOnFileNotFound, AssemblyLoadContext assemblyLoadContext)
   at System.Reflection.Assembly.Load(String assemblyString)
   at NLog.Internal.AssemblyHelpers.LoadFromName(String assemblyName)
   at NLog.Config.LoggingConfigurationParser.ParseExtensionWithAssembly(String assemblyName, String prefix)
   --- End of inner exception stack trace ---
2023-01-28 20:41:28.0905 Error Exception when loading configuration D:\YandexUploadService\YandexUploadService\bin\Debug\net5.0\NLog.config Exception: NLog.NLogConfigurationException: Error loading extensions: NLog.Targets.Loggly
 ---> System.IO.FileNotFoundException: Could not load file or assembly 'NLog.Targets.Loggly, Culture=neutral, PublicKeyToken=null'. Не удается найти указанный файл.
File name: 'NLog.Targets.Loggly, Culture=neutral, PublicKeyToken=null'
   at System.Reflection.RuntimeAssembly.InternalLoad(ObjectHandleOnStack assemblyName, ObjectHandleOnStack requestingAssembly, StackCrawlMarkHandle stackMark, Boolean throwOnFileNotFound, ObjectHandleOnStack assemblyLoadContext, ObjectHandleOnStack retAssembly)
   at System.Reflection.RuntimeAssembly.InternalLoad(AssemblyName assemblyName, RuntimeAssembly requestingAssembly, StackCrawlMark& stackMark, Boolean throwOnFileNotFound, AssemblyLoadContext assemblyLoadContext)
   at System.Reflection.Assembly.Load(String assemblyString)
   at NLog.Internal.AssemblyHelpers.LoadFromName(String assemblyName)
   at NLog.Config.LoggingConfigurationParser.ParseExtensionWithAssembly(String assemblyName, String prefix)
   --- End of inner exception stack trace ---
   at NLog.Config.LoggingConfigurationParser.ParseExtensionWithAssembly(String assemblyName, String prefix)
   at NLog.Config.LoggingConfigurationParser.ParseExtensionsElement(ValidatedConfigurationElement extensionsElement, String baseDirectory)
   at NLog.Config.LoggingConfigurationParser.LoadConfig(ILoggingConfigurationElement nlogConfig, String basePath)
   at NLog.Config.XmlLoggingConfiguration.ParseNLogElement(ILoggingConfigurationElement nlogElement, String filePath, Boolean autoReloadDefault)
   at NLog.Config.XmlLoggingConfiguration.ParseTopLevel(NLogXmlElement content, String filePath, Boolean autoReloadDefault)
   at NLog.Config.XmlLoggingConfiguration.Initialize(XmlReader reader, String fileName, Boolean ignoreErrors)
2023-01-28 20:41:28.0905 Warn Error has been raised. Exception: NLog.NLogConfigurationException: Exception when loading configuration D:\YandexUploadService\YandexUploadService\bin\Debug\net5.0\NLog.config
 ---> NLog.NLogConfigurationException: Error loading extensions: NLog.Targets.Loggly
 ---> System.IO.FileNotFoundException: Could not load file or assembly 'NLog.Targets.Loggly, Culture=neutral, PublicKeyToken=null'. Не удается найти указанный файл.
File name: 'NLog.Targets.Loggly, Culture=neutral, PublicKeyToken=null'
   at System.Reflection.RuntimeAssembly.InternalLoad(ObjectHandleOnStack assemblyName, ObjectHandleOnStack requestingAssembly, StackCrawlMarkHandle stackMark, Boolean throwOnFileNotFound, ObjectHandleOnStack assemblyLoadContext, ObjectHandleOnStack retAssembly)
   at System.Reflection.RuntimeAssembly.InternalLoad(AssemblyName assemblyName, RuntimeAssembly requestingAssembly, StackCrawlMark& stackMark, Boolean throwOnFileNotFound, AssemblyLoadContext assemblyLoadContext)
   at System.Reflection.Assembly.Load(String assemblyString)
   at NLog.Internal.AssemblyHelpers.LoadFromName(String assemblyName)
   at NLog.Config.LoggingConfigurationParser.ParseExtensionWithAssembly(String assemblyName, String prefix)
   --- End of inner exception stack trace ---
   at NLog.Config.LoggingConfigurationParser.ParseExtensionWithAssembly(String assemblyName, String prefix)
   at NLog.Config.LoggingConfigurationParser.ParseExtensionsElement(ValidatedConfigurationElement extensionsElement, String baseDirectory)
   at NLog.Config.LoggingConfigurationParser.LoadConfig(ILoggingConfigurationElement nlogConfig, String basePath)
   at NLog.Config.XmlLoggingConfiguration.ParseNLogElement(ILoggingConfigurationElement nlogElement, String filePath, Boolean autoReloadDefault)
   at NLog.Config.XmlLoggingConfiguration.ParseTopLevel(NLogXmlElement content, String filePath, Boolean autoReloadDefault)
   at NLog.Config.XmlLoggingConfiguration.Initialize(XmlReader reader, String fileName, Boolean ignoreErrors)
   --- End of inner exception stack trace ---
   at NLog.Config.XmlLoggingConfiguration.Initialize(XmlReader reader, String fileName, Boolean ignoreErrors)
   at NLog.Config.XmlLoggingConfiguration..ctor(XmlReader reader, String fileName, LogFactory logFactory)
   at NLog.Config.LoggingConfigurationFileLoader.LoadXmlLoggingConfiguration(XmlReader xmlReader, String configFile, LogFactory logFactory)
2023-01-28 20:41:28.0947 Error Failed loading from config file location: D:\YandexUploadService\YandexUploadService\bin\Debug\net5.0\NLog.config Exception: NLog.NLogConfigurationException: Exception when loading configuration D:\YandexUploadService\YandexUploadService\bin\Debug\net5.0\NLog.config
 ---> NLog.NLogConfigurationException: Error loading extensions: NLog.Targets.Loggly
 ---> System.IO.FileNotFoundException: Could not load file or assembly 'NLog.Targets.Loggly, Culture=neutral, PublicKeyToken=null'. Не удается найти указанный файл.
File name: 'NLog.Targets.Loggly, Culture=neutral, PublicKeyToken=null'
   at System.Reflection.RuntimeAssembly.InternalLoad(ObjectHandleOnStack assemblyName, ObjectHandleOnStack requestingAssembly, StackCrawlMarkHandle stackMark, Boolean throwOnFileNotFound, ObjectHandleOnStack assemblyLoadContext, ObjectHandleOnStack retAssembly)
   at System.Reflection.RuntimeAssembly.InternalLoad(AssemblyName assemblyName, RuntimeAssembly requestingAssembly, StackCrawlMark& stackMark, Boolean throwOnFileNotFound, AssemblyLoadContext assemblyLoadContext)
   at System.Reflection.Assembly.Load(String assemblyString)
   at NLog.Internal.AssemblyHelpers.LoadFromName(String assemblyName)
   at NLog.Config.LoggingConfigurationParser.ParseExtensionWithAssembly(String assemblyName, String prefix)
   --- End of inner exception stack trace ---
   at NLog.Config.LoggingConfigurationParser.ParseExtensionWithAssembly(String assemblyName, String prefix)
   at NLog.Config.LoggingConfigurationParser.ParseExtensionsElement(ValidatedConfigurationElement extensionsElement, String baseDirectory)
   at NLog.Config.LoggingConfigurationParser.LoadConfig(ILoggingConfigurationElement nlogConfig, String basePath)
   at NLog.Config.XmlLoggingConfiguration.ParseNLogElement(ILoggingConfigurationElement nlogElement, String filePath, Boolean autoReloadDefault)
   at NLog.Config.XmlLoggingConfiguration.ParseTopLevel(NLogXmlElement content, String filePath, Boolean autoReloadDefault)
   at NLog.Config.XmlLoggingConfiguration.Initialize(XmlReader reader, String fileName, Boolean ignoreErrors)
   --- End of inner exception stack trace ---
   at NLog.Config.XmlLoggingConfiguration.Initialize(XmlReader reader, String fileName, Boolean ignoreErrors)
   at NLog.Config.XmlLoggingConfiguration..ctor(XmlReader reader, String fileName, LogFactory logFactory)
   at NLog.Config.LoggingConfigurationFileLoader.LoadXmlLoggingConfiguration(XmlReader xmlReader, String configFile, LogFactory logFactory)
   at NLog.Config.LoggingConfigurationFileLoader.LoadXmlLoggingConfigurationFile(LogFactory logFactory, String configFile)
   at NLog.Config.LoggingConfigurationFileLoader.TryLoadLoggingConfiguration(LogFactory logFactory, String configFile, LoggingConfiguration& config)
